<?xml version="1.0" encoding="utf-8" standalone="no"?>
<!--This file represents the results of running a test suite-->
<test-results name="D:\Programming\Projects\API\APITests\bin\Debug\APITests.dll" total="1" errors="1" failures="0" not-run="0" inconclusive="0" ignored="0" skipped="0" invalid="0" date="2014-08-04" time="16:18:33">
  <environment nunit-version="2.6.3.13283" clr-version="2.0.50727.5420" os-version="Microsoft Windows NT 6.1.7601 Service Pack 1" platform="Win32NT" cwd="C:\Program Files\NUnit 2.6.3\bin" machine-name="IGOR-PC" user="ibardin" user-domain="BAILYDOMAIN" />
  <culture-info current-culture="ru-RU" current-uiculture="ru-RU" />
  <test-suite type="Assembly" name="D:\Programming\Projects\API\APITests\bin\Debug\APITests.dll" executed="True" result="Failure" success="False" time="0.178" asserts="0">
    <results>
      <test-suite type="Namespace" name="APITests" executed="True" result="Failure" success="False" time="0.164" asserts="0">
        <results>
          <test-suite type="TestFixture" name="getFunctionsTest" executed="True" result="Failure" success="False" time="0.162" asserts="0">
            <results>
              <test-case name="APITests.getFunctionsTest.loadXmlDocument" executed="True" result="Error" success="False" time="0.151" asserts="0">
                <failure>
                  <message><![CDATA[System.Xml.XmlException : Существует несколько корневых элементов., строка 12, позиция 2.]]></message>
                  <stack-trace><![CDATA[в System.Xml.XmlTextReaderImpl.Throw(Exception e)
в System.Xml.XmlTextReaderImpl.Throw(String res, String arg)
в System.Xml.XmlTextReaderImpl.ParseDocumentContent()
в System.Xml.XmlTextReaderImpl.Read()
в System.Xml.XmlLoader.LoadNode(Boolean skipOverWhitespace)
в System.Xml.XmlLoader.LoadDocSequence(XmlDocument parentDoc)
в System.Xml.XmlLoader.Load(XmlDocument doc, XmlReader reader, Boolean preserveWhitespace)
в System.Xml.XmlDocument.Load(XmlReader reader)
в System.Xml.XmlDocument.Load(String filename)
в APITests.getFunctionsTest.loadXmlDocument() в d:\Programming\Projects\API\APITests\APITests.cs:строка 19
]]></stack-trace>
                </failure>
              </test-case>
            </results>
          </test-suite>
        </results>
      </test-suite>
    </results>
  </test-suite>
</test-results>